<?xml version="1.0" encoding="UTF-8"?>
<!-- Generated by org.testng.reporters.JUnitReportReporter -->
<testsuite skipped="0" hostname="Ritishas-MacBook-Pro.local" name="DcokerMultiLevelDropdown" tests="1" failures="0" timestamp="06 Sep 2018 01:58:03 GMT" time="18.711" errors="0">
  <testcase name="setup" time="18.711" classname="DcokerMultiLevelDropdown"/>
</testsuite> <!-- DcokerMultiLevelDropdown -->
