<?xml version="1.0" encoding="UTF-8"?>
<!-- Generated by org.testng.reporters.JUnitReportReporter -->
<testsuite skipped="0" hostname="Ritishas-MacBook-Pro.local" name="ChromeTest" tests="1" failures="0" timestamp="06 Sep 2018 01:32:59 GMT" time="7.371" errors="0">
  <testcase name="setup" time="7.371" classname="ChromeTest"/>
</testsuite> <!-- ChromeTest -->
